#
# There is insufficient memory for the Java Runtime Environment to continue.
# Native memory allocation (mmap) failed to map 132120576 bytes for G1 virtual space
# Possible reasons:
#   The system is out of physical RAM or swap space
#   The process is running with CompressedOops enabled, and the Java Heap may be blocking the growth of the native heap
# Possible solutions:
#   Reduce memory load on the system
#   Increase physical memory or swap space
#   Check if swap backing store is full
#   Decrease Java heap size (-Xmx/-Xms)
#   Decrease number of Java threads
#   Decrease Java thread stack sizes (-Xss)
#   Set larger code cache with -XX:ReservedCodeCacheSize=
#   JVM is running with Unscaled Compressed Oops mode in which the Java heap is
#     placed in the first 4GB address space. The Java Heap base address is the
#     maximum limit for the native heap growth. Please use -XX:HeapBaseMinAddress
#     to set the Java Heap base and to place the Java Heap above 4GB virtual address.
# This output file may be truncated or incomplete.
#
#  Out of Memory Error (./open/src/hotspot/os/windows/os_windows.cpp:3321), pid=26600, tid=25488
#
# JRE version:  (15.0.2+7) (build )
# Java VM: Java HotSpot(TM) 64-Bit Server VM (15.0.2+7-27, mixed mode, sharing, tiered, compressed oops, g1 gc, windows-amd64)
# No core dump will be written. Minidumps are not enabled by default on client versions of Windows
#

---------------  S U M M A R Y ------------

Command Line: -Dfile.encoding=UTF-8 -XX:+ShowCodeDetailsInExceptionMessages movieproject.movie.Shop

Host: Intel(R) Core(TM) i5-8265U CPU @ 1.60GHz, 8 cores, 7G,  Windows 10 , 64 bit Build 19041 (10.0.19041.1348)
Time: Sat Nov 27 04:24:03 2021 대한민국 표준시 elapsed time: 0.010073 seconds (0d 0h 0m 0s)

---------------  T H R E A D  ---------------

Current thread (0x000001f9a8c90d50):  JavaThread "Unknown thread" [_thread_in_vm, id=25488, stack(0x0000005c6e700000,0x0000005c6e800000)]

Stack: [0x0000005c6e700000,0x0000005c6e800000]
Native frames: (J=compiled Java code, j=interpreted, Vv=VM code, C=native code)
V  [jvm.dll+0x62ae9a]
V  [jvm.dll+0x7817a9]
V  [jvm.dll+0x782f03]
V  [jvm.dll+0x783563]
V  [jvm.dll+0x216325]
V  [jvm.dll+0x6281d9]
V  [jvm.dll+0x61cf55]
V  [jvm.dll+0x2cffdd]
V  [jvm.dll+0x2cfe42]
V  [jvm.dll+0x2d5e1c]
V  [jvm.dll+0x32590a]
V  [jvm.dll+0x324fd4]
V  [jvm.dll+0x2a6f5a]
V  [jvm.dll+0x2a80f8]
V  [jvm.dll+0x75e241]
V  [jvm.dll+0x3341c4]
V  [jvm.dll+0x73e926]
V  [jvm.dll+0x3b7557]
V  [jvm.dll+0x3b8fe1]
C  [jli.dll+0x52fb]
C  [ucrtbase.dll+0x21bb2]
C  [KERNEL32.DLL+0x17034]
C  [ntdll.dll+0x52651]


---------------  P R O C E S S  ---------------

Threads class SMR info:
_java_thread_list=0x00007ff962f54ff0, length=0, elements={
}

Java Threads: ( => current thread )

Other Threads:
  0x000001f9a8cd1b30 GCTaskThread "GC Thread#0" [stack: 0x0000005c6e800000,0x0000005c6e900000] [id=15636]
  0x000001f9a8ce40b0 ConcurrentGCThread "G1 Main Marker" [stack: 0x0000005c6e900000,0x0000005c6ea00000] [id=26572]
  0x000001f9a8ce4ca0 ConcurrentGCThread "G1 Conc#0" [stack: 0x0000005c6ea00000,0x0000005c6eb00000] [id=15084]

[error occurred during error reporting (printing all threads), id 0xc0000005, EXCEPTION_ACCESS_VIOLATION (0xc0000005) at pc=0x00007ff962747e27]

VM state: not at safepoint (not fully initialized)

VM Mutex/Monitor currently owned by a thread:  ([mutex/lock_event])
[0x000001f9a8c8c1d0] Heap_lock - owner thread: 0x000001f9a8c90d50

Heap address: 0x0000000082400000, size: 2012 MB, Compressed Oops mode: 32-bit
CDS archive(s) mapped at: [0x0000000000000000-0x0000000000000000-0x0000000000000000), size 0, SharedBaseAddress: 0x0000000800000000, ArchiveRelocationMode: 0.
Narrow klass base: 0x0000000000000000, Narrow klass shift: 0, Narrow klass range: 0x0

Heap:
 garbage-first heap   total 129024K, used 0K [0x0000000082400000, 0x0000000100000000)
  region size 1024K, 0 young (0K), 0 survivors (0K)
 Metaspace       used 0K, capacity 0K, committed 0K, reserved 0K
  class space    used 0K, capacity 0K, committed 0K, reserved 0K

Heap Regions: E=young(eden), S=young(survivor), O=old, HS=humongous(starts), HC=humongous(continues), CS=collection set, F=free, OA=open archive, CA=closed archive, TAMS=top-at-mark-start (previous, next)

Card table byte_map: [0x000001f9c0600000,0x000001f9c09f0000] _byte_map_base: 0x000001f9c01ee000

Marking Bits (Prev, Next): (CMBitMap*) 0x000001f9a8cd23a0, (CMBitMap*) 0x000001f9a8cd23e0
 Prev Bits: [0x000001f9c0de0000, 0x000001f9c2d50000)
 Next Bits: [0x000001f9c2d50000, 0x000001f9c4cc0000)

GC Heap History (0 events):
No events

Deoptimization events (0 events):
No events

Classes unloaded (0 events):
No events

Classes redefined (0 events):
No events

Internal exceptions (0 events):
No events

Events (1 events):
Event: 0.005 Loaded shared library C:\Program Files\Java\jdk-15.0.2\bin\java.dll


Dynamic libraries:
0x00007ff609900000 - 0x00007ff60990f000 	C:\Program Files\Java\jdk-15.0.2\bin\javaw.exe
0x00007ff9e24d0000 - 0x00007ff9e26c5000 	C:\WINDOWS\SYSTEM32\ntdll.dll
0x00007ff9e1040000 - 0x00007ff9e10fe000 	C:\WINDOWS\System32\KERNEL32.DLL
0x00007ff9dfbf0000 - 0x00007ff9dfeb8000 	C:\WINDOWS\System32\KERNELBASE.dll
0x00007ff9e0270000 - 0x00007ff9e0370000 	C:\WINDOWS\System32\ucrtbase.dll
0x00007ff99d060000 - 0x00007ff99d079000 	C:\Program Files\Java\jdk-15.0.2\bin\VCRUNTIME140.dll
0x00007ff99d040000 - 0x00007ff99d058000 	C:\Program Files\Java\jdk-15.0.2\bin\jli.dll
0x00007ff9e19d0000 - 0x00007ff9e1a7c000 	C:\WINDOWS\System32\ADVAPI32.dll
0x00007ff9e1ec0000 - 0x00007ff9e1f5e000 	C:\WINDOWS\System32\msvcrt.dll
0x00007ff9e0d40000 - 0x00007ff9e0ddb000 	C:\WINDOWS\System32\sechost.dll
0x00007ff9e1260000 - 0x00007ff9e138a000 	C:\WINDOWS\System32\RPCRT4.dll
0x00007ff9e1d10000 - 0x00007ff9e1eb1000 	C:\WINDOWS\System32\USER32.dll
0x00007ff9dff70000 - 0x00007ff9dff92000 	C:\WINDOWS\System32\win32u.dll
0x00007ff9c5010000 - 0x00007ff9c52aa000 	C:\WINDOWS\WinSxS\amd64_microsoft.windows.common-controls_6595b64144ccf1df_6.0.19041.1110_none_60b5254171f9507e\COMCTL32.dll
0x00007ff9e1100000 - 0x00007ff9e112b000 	C:\WINDOWS\System32\GDI32.dll
0x00007ff9e0370000 - 0x00007ff9e047b000 	C:\WINDOWS\System32\gdi32full.dll
0x00007ff9e0480000 - 0x00007ff9e051d000 	C:\WINDOWS\System32\msvcp_win.dll
0x00007ff9d5f20000 - 0x00007ff9d5f2a000 	C:\WINDOWS\SYSTEM32\VERSION.dll
0x00007ff9e14a0000 - 0x00007ff9e14d0000 	C:\WINDOWS\System32\IMM32.DLL
0x00007ff99d030000 - 0x00007ff99d03c000 	C:\Program Files\Java\jdk-15.0.2\bin\vcruntime140_1.dll
0x00007ff97bc90000 - 0x00007ff97bd21000 	C:\Program Files\Java\jdk-15.0.2\bin\msvcp140.dll
0x00007ff962490000 - 0x00007ff962fee000 	C:\Program Files\Java\jdk-15.0.2\bin\server\jvm.dll
0x00007ff9e0c60000 - 0x00007ff9e0c68000 	C:\WINDOWS\System32\PSAPI.DLL
0x00007ff9c3a20000 - 0x00007ff9c3a29000 	C:\WINDOWS\SYSTEM32\WSOCK32.dll
0x00007ff9c5630000 - 0x00007ff9c5657000 	C:\WINDOWS\SYSTEM32\WINMM.dll
0x00007ff9e1c90000 - 0x00007ff9e1cfb000 	C:\WINDOWS\System32\WS2_32.dll
0x00007ff9de430000 - 0x00007ff9de442000 	C:\WINDOWS\SYSTEM32\kernel.appcore.dll
0x00007ff9965a0000 - 0x00007ff9965aa000 	C:\Program Files\Java\jdk-15.0.2\bin\jimage.dll
0x00007ff9da940000 - 0x00007ff9dab24000 	C:\WINDOWS\SYSTEM32\DBGHELP.DLL
0x00007ff9c4330000 - 0x00007ff9c435c000 	C:\WINDOWS\SYSTEM32\dbgcore.DLL
0x00007ff9dffa0000 - 0x00007ff9e0023000 	C:\WINDOWS\System32\bcryptPrimitives.dll
0x00007ff97bd90000 - 0x00007ff97bdb5000 	C:\Program Files\Java\jdk-15.0.2\bin\java.dll

dbghelp: loaded successfully - version: 4.0.5 - missing functions: none
symbol engine: initialized successfully - sym options: 0x614 - pdb path: .;C:\Program Files\Java\jdk-15.0.2\bin;C:\WINDOWS\SYSTEM32;C:\WINDOWS\WinSxS\amd64_microsoft.windows.common-controls_6595b64144ccf1df_6.0.19041.1110_none_60b5254171f9507e;C:\Program Files\Java\jdk-15.0.2\bin\server

VM Arguments:
jvm_args: -Dfile.encoding=UTF-8 -XX:+ShowCodeDetailsInExceptionMessages 
java_command: movieproject.movie.Shop
java_class_path (initial): C:\Users\gldht\git\MovieProject\target\classes;C:\Users\gldht\.m2\repository\com\oracle\database\jdbc\ojdbc8\21.1.0.0\ojdbc8-21.1.0.0.jar;C:\Users\gldht\.m2\repository\org\json\json\20210307\json-20210307.jar;C:\Users\gldht\.m2\repository\net\sourceforge\jdatepicker\jdatepicker\1.3.2\jdatepicker-1.3.2.jar;C:\Users\gldht\.m2\repository\com\google\code\gson\gson\2.8.7\gson-2.8.7.jar;C:\Users\gldht\.m2\repository\com\googlecode\json-simple\json-simple\1.1.1\json-simple-1.1.1.jar;C:\Users\gldht\.m2\repository\junit\junit\4.10\junit-4.10.jar;C:\Users\gldht\.m2\repository\org\hamcrest\hamcrest-core\1.1\hamcrest-core-1.1.jar
Launcher Type: SUN_STANDARD

[Global flags]
     intx CICompilerCount                          = 4                                         {product} {ergonomic}
     uint ConcGCThreads                            = 2                                         {product} {ergonomic}
     uint G1ConcRefinementThreads                  = 8                                         {product} {ergonomic}
   size_t G1HeapRegionSize                         = 1048576                                   {product} {ergonomic}
    uintx GCDrainStackTargetSize                   = 64                                        {product} {ergonomic}
   size_t InitialHeapSize                          = 132120576                                 {product} {ergonomic}
   size_t MarkStackSize                            = 4194304                                   {product} {ergonomic}
   size_t MaxHeapSize                              = 2109734912                                {product} {ergonomic}
   size_t MinHeapDeltaBytes                        = 1048576                                   {product} {ergonomic}
   size_t MinHeapSize                              = 8388608                                   {product} {ergonomic}
    uintx NonNMethodCodeHeapSize                   = 5839372                                {pd product} {ergonomic}
    uintx NonProfiledCodeHeapSize                  = 122909434                              {pd product} {ergonomic}
    uintx ProfiledCodeHeapSize                     = 122909434                              {pd product} {ergonomic}
    uintx ReservedCodeCacheSize                    = 251658240                              {pd product} {ergonomic}
     bool SegmentedCodeCache                       = true                                      {product} {ergonomic}
     bool ShowCodeDetailsInExceptionMessages       = true                                   {manageable} {command line}
   size_t SoftMaxHeapSize                          = 2109734912                             {manageable} {ergonomic}
     bool UseCompressedClassPointers               = true                                 {lp64_product} {ergonomic}
     bool UseCompressedOops                        = true                                 {lp64_product} {ergonomic}
     bool UseG1GC                                  = true                                      {product} {ergonomic}
     bool UseLargePagesIndividualAllocation        = false                                  {pd product} {ergonomic}

Logging:
Log output configuration:
 #0: stdout all=warning uptime,level,tags
 #1: stderr all=off uptime,level,tags

Environment Variables:
PATH=C:/Program Files/Java/jdk-15.0.2/bin/server;C:/Program Files/Java/jdk-15.0.2/bin;C:\ProgramData\Oracle\Java\javapath;C:\Program Files (x86)\VMware\VMware Player\bin\;C:\Python\38;C:\anaconda3\envs\codeB\Scripts;C:\anaconda3\envs\codeB;C:\oraclexe\app\oracle\product\11.2.0\server\bin;C:\Program Files\Common Files\Oracle\Java\javapath;C:\WINDOWS\system32;C:\WINDOWS;C:\WINDOWS\System32\Wbem;C:\WINDOWS\System32\WindowsPowerShell\v1.0\;C:\WINDOWS\System32\OpenSSH\;C:\Program Files\Intel\WiFi\bin\;C:\Program Files\Common Files\Intel\WirelessCommon\;C:\Program Files (x86)\IVI Foundation\VISA\WinNT\Bin;C:\Program Files\dotnet\;C:\Program Files\Microsoft VS Code\bin;C:\Program Files\nodejs\;C:\Program Files\Git\cmd;C:\anaconda3\Library\bin;C:\Python36\Scripts\;C:\Python36\;C:\Users\gldht\AppData\Local\Programs\Python\Python38-32\Scripts\;C:\Users\gldht\AppData\Local\Programs\Python\Python38-32\;C:\Users\gldht\AppData\Local\Microsoft\WindowsApps;C:\Program Files\JetBrains\PyCharm Community Edition 2021.2\bin;;C:\Program Files\Bandizip\;C:\Users\gldht\.dotnet\tools;C:\Users\gldht\AppData\Roaming\npm;C:\Users\gldht\AppData\Local\GitHubDesktop\bin;C:\RPA_AM21\venv;;C:\WINDOWS\system32;
USERNAME=gldht
OS=Windows_NT
PROCESSOR_IDENTIFIER=Intel64 Family 6 Model 142 Stepping 12, GenuineIntel



---------------  S Y S T E M  ---------------

OS:
 Windows 10 , 64 bit Build 19041 (10.0.19041.1348)
OS uptime: 0 days 17:43 hours
HyperV virtualization detected

CPU: total 8 (initial active 8) (4 cores per cpu, 2 threads per core) family 6 model 142 stepping 12 microcode 0xb8, cmov, cx8, fxsr, mmx, sse, sse2, sse3, ssse3, sse4.1, sse4.2, popcnt, vzeroupper, avx, avx2, aes, clmul, erms, 3dnowpref, lzcnt, ht, tsc, tscinvbit, bmi1, bmi2, adx, fma, clflush, clflushopt

Memory: 4k page, system-wide physical 8043M (639M free)
TotalPageFile size 32616M (AvailPageFile size 60M)
current process WorkingSet (physical memory assigned to process): 10M, peak: 10M
current process commit charge ("private bytes"): 60M, peak: 186M

vm_info: Java HotSpot(TM) 64-Bit Server VM (15.0.2+7-27) for windows-amd64 JRE (15.0.2+7-27), built on Dec  7 2020 20:07:01 by "mach5one" with unknown MS VC++:1925

END.
